Arguments: 
  /root/nvm/versions/node/v16.17.0/bin/node /usr/share/yarn/bin/yarn.js install

PATH: 
  /root/.vscode-server/bin/b7886d7461186a5eac768481578c1d7ca80e2d21/bin/remote-cli:/root/nvm/versions/node/v16.17.0/bin:/usr/local/sbin:/usr/local/bin:/usr/sbin:/usr/bin:/www/go/bin:/bin:/root/go/bin:/www/go/bin:/Build/zip/cmake-3.16.6-Linux-x86_64/bin:/Build/zip/assimp-5.0.1/bin:/bin:/root/go/bin:/root/bin:/www/go/bin:/bin:/root/go/bin

Yarn version: 
  1.22.5

Node version: 
  16.17.0

Platform: 
  linux x64

Trace: 
  Error: https://github.com/flarum/types: ETIMEDOUT
      at Timeout._onTimeout (/usr/share/yarn/lib/cli.js:141409:19)
      at listOnTimeout (node:internal/timers:559:17)
      at processTimers (node:internal/timers:502:7)

npm manifest: 
  {
    "name": "@nomiscz/flarum-ext-auth-wechat",
    "version": "0.0.0",
    "private": true,
    "dependencies": {
      "flarum-webpack-config": "^0.1.0-beta.10",
      "mithril": "^2.0.4",
      "webpack": "^4.44.2",
      "webpack-cli": "^3.3.12"
    },
    "scripts": {
      "dev": "webpack --mode development --watch",
      "build": "webpack --mode production"
    },
    "devDependencies": {
      "flarum": "github:flarum/types#v1"
    }
  }

yarn manifest: 
  No manifest

Lockfile: 
  No lockfile
